[35m[Appium][39m Welcome to Appium v2.9.0
[35m[Appium][39m Non-default server args:
[35m[Appium][39m { basePath: [32m'/wd/hub'[39m, loglevel: [32m'info'[39m, port: [33m52297[39m }
[35m[Appium][39m Attempting to load driver uiautomator2...
[35m[Appium][39m Appium REST http interface listener started on http://0.0.0.0:52297/wd/hub
[35m[Appium][39m You can provide the following URLs in your client code to connect to this server:
[35m[Appium][39m 	http://192.168.1.3:52297/wd/hub
[35m[Appium][39m 	http://127.0.0.1:52297/wd/hub (only accessible from the same host)
[35m[Appium][39m Available drivers:
[35m[Appium][39m   - uiautomator2@3.5.2 (automationName 'UiAutomator2')
[35m[Appium][39m No plugins have been installed. Use the "appium plugin" command to install the one(s) you want to use.
[38;5;0m[HTTP][0m [37m-->[39m [37mGET[39m [37m/wd/hub/status[39m
[38;5;0m[HTTP][0m [90m{}[39m
[38;5;0m[HTTP][0m [37m<-- GET /wd/hub/status [39m[32m200[39m [90m8 ms - 110[39m
[38;5;0m[HTTP][0m [90m[39m
[38;5;0m[HTTP][0m [37m-->[39m [37mGET[39m [37m/wd/hub/status[39m
[38;5;0m[HTTP][0m [90m{}[39m
[38;5;0m[HTTP][0m [37m<-- GET /wd/hub/status [39m[32m200[39m [90m1 ms - 110[39m
[38;5;0m[HTTP][0m [90m[39m
[38;5;0m[HTTP][0m [37m-->[39m [37mPOST[39m [37m/wd/hub/session[39m
[38;5;0m[HTTP][0m [90m{"desiredCapabilities":{"appium:systemPort":8242,"appium:udid":"5d827d6a","appium:autoGrantPermissions":true,"appium:newCommandTimeout":1800,"appium:platformName":"ANDROID","appium:appActivity":".Settings","appium:deviceName":"Xiaomi 23021RAA2Y (Android 14)","platformName":"Android","appium:automationName":"uiautomator2","appium:platformVersion":"14","appium:appPackage":"com.android.settings"},"capabilities":{"firstMatch":[{"appium:appActivity":".Settings","appium:appPackage":"com.android.settings","appium:autoGrantPermissions":true,"appium:automationName":"uiautomator2","appium:deviceName":"Xiaomi 23021RAA2Y (Android 14)","appium:newCommandTimeout":1800,"appium:platformName":"ANDROID","appium:platformVersion":"14","appium:systemPort":8242,"appium:udid":"5d827d6a","platformName":"android"}]}}[39m
[38;5;32m[BaseDriver][0m Ignoring capability 'appium:platformName=ANDROID' and using capability 'platformName=android'
[38;5;32m[BaseDriver][0m The capabilities ["platformName"] are standard capabilities and do not require "appium:" prefix
[35m[Appium][39m Attempting to find matching driver for automationName 'uiautomator2' and platformName 'android'
[35m[Appium][39m The 'uiautomator2' driver was installed and matched caps.
[35m[Appium][39m Will require it at C:\Users\huber\.appium\node_modules\appium-uiautomator2-driver
[38;5;16m[AppiumDriver@4679][0m Appium v2.9.0 creating new AndroidUiautomator2Driver (v3.5.2) session
[38;5;16m[AppiumDriver@4679][0m Checking BaseDriver versions for Appium and AndroidUiautomator2Driver
[38;5;16m[AppiumDriver@4679][0m Appium's BaseDriver version is 9.9.0
[38;5;16m[AppiumDriver@4679][0m AndroidUiautomator2Driver's BaseDriver version is 9.9.0
[38;5;48m[AndroidUiautomator2Driver@061f (33f66448)][0m Session created with session id: 33f66448-a7fd-49c1-aa6c-12ba9b42aa0f
[38;5;64m[ADB][0m Found 1 'build-tools' folders under 'C:\Users\huber\.katalon\tools\android_sdk' (newest first):
[38;5;64m[ADB][0m     C:\Users\huber\.katalon\tools\android_sdk\build-tools\29.0.3
[38;5;64m[ADB][0m Using 'adb.exe' from 'C:\Users\huber\.katalon\tools\android_sdk\platform-tools\adb.exe'
[38;5;48m[AndroidUiautomator2Driver@061f (33f66448)][0m Retrieving device list
[38;5;48m[AndroidUiautomator2Driver@061f (33f66448)][0m Using device: 5d827d6a
[38;5;64m[ADB][0m Using 'adb.exe' from 'C:\Users\huber\.katalon\tools\android_sdk\platform-tools\adb.exe'
[38;5;48m[AndroidUiautomator2Driver@061f (33f66448)][0m Starting 'com.android.settings' directly on the device
[38;5;64m[ADB][0m Getting device platform version
[38;5;48m[AndroidUiautomator2Driver@061f (33f66448)][0m Relaxing hidden api policy
[38;5;48m[AndroidUiautomator2Driver@061f (33f66448)][0m No app sent in, not parsing package/activity
[38;5;48m[AndroidUiautomator2Driver@061f (33f66448)][0m Server packages are not going to be (re)installed
[38;5;64m[ADB][0m Adding packages ["io.appium.settings","io.appium.uiautomator2.server","io.appium.uiautomator2.server.test"] to Doze whitelist
[38;5;48m[AndroidUiautomator2Driver@061f (33f66448)][0m Starting UIAutomator2 server 7.0.9
[38;5;48m[AndroidUiautomator2Driver@061f (33f66448)][0m Using UIAutomator2 server from 'C:\Users\huber\.appium\node_modules\appium-uiautomator2-driver\node_modules\appium-uiautomator2-server\apks\appium-uiautomator2-server-v7.0.9.apk' and test from 'C:\Users\huber\.appium\node_modules\appium-uiautomator2-driver\node_modules\appium-uiautomator2-server\apks\appium-uiautomator2-server-debug-androidTest.apk'
[38;5;48m[AndroidUiautomator2Driver@061f (33f66448)][0m Waiting up to 30000ms for UiAutomator2 to be online...
[38;5;48m[AndroidUiautomator2Driver@061f (33f66448)][0m socket hang up
[38;5;48m[AndroidUiautomator2Driver@061f (33f66448)][0m socket hang up
[38;5;48m[AndroidUiautomator2Driver@061f (33f66448)][0m socket hang up
[38;5;48m[AndroidUiautomator2Driver@061f (33f66448)][0m Determined the downstream protocol as 'W3C'
[38;5;48m[AndroidUiautomator2Driver@061f (33f66448)][0m Screen already unlocked, doing nothing
[38;5;48m[AndroidUiautomator2Driver@061f (33f66448)][0m Starting 'com.android.settings/.Settings and waiting for 'com.android.settings/.Settings'
[38;5;16m[AppiumDriver@4679][0m New AndroidUiautomator2Driver session created successfully, session 33f66448-a7fd-49c1-aa6c-12ba9b42aa0f added to master session list
[38;5;0m[HTTP][0m [37m<-- POST /wd/hub/session [39m[32m200[39m [90m8009 ms - 1076[39m
[38;5;0m[HTTP][0m [90m[39m
[38;5;0m[HTTP][0m [37m-->[39m [37mGET[39m [37m/wd/hub/session/33f66448-a7fd-49c1-aa6c-12ba9b42aa0f[39m
[38;5;0m[HTTP][0m [90m{}[39m
[38;5;0m[HTTP][0m [37m<-- GET /wd/hub/session/33f66448-a7fd-49c1-aa6c-12ba9b42aa0f [39m[32m200[39m [90m21 ms - 310[39m
[38;5;0m[HTTP][0m [90m[39m
[38;5;0m[HTTP][0m [37m-->[39m [37mGET[39m [37m/wd/hub/session/33f66448-a7fd-49c1-aa6c-12ba9b42aa0f[39m
[38;5;0m[HTTP][0m [90m{}[39m
[38;5;0m[HTTP][0m [37m<-- GET /wd/hub/session/33f66448-a7fd-49c1-aa6c-12ba9b42aa0f [39m[32m200[39m [90m18 ms - 310[39m
[38;5;0m[HTTP][0m [90m[39m
[38;5;0m[HTTP][0m [37m-->[39m [37mGET[39m [37m/wd/hub/status[39m
[38;5;0m[HTTP][0m [90m{}[39m
[38;5;0m[HTTP][0m [37m<-- GET /wd/hub/status [39m[32m200[39m [90m2 ms - 110[39m
[38;5;0m[HTTP][0m [90m[39m
[38;5;0m[HTTP][0m [37m-->[39m [37mPOST[39m [37m/wd/hub/session/33f66448-a7fd-49c1-aa6c-12ba9b42aa0f/timeouts[39m
[38;5;0m[HTTP][0m [90m{"implicit":60000}[39m
[38;5;0m[HTTP][0m [37m<-- POST /wd/hub/session/33f66448-a7fd-49c1-aa6c-12ba9b42aa0f/timeouts [39m[32m200[39m [90m4 ms - 14[39m
[38;5;0m[HTTP][0m [90m[39m
[38;5;0m[HTTP][0m [37m-->[39m [37mGET[39m [37m/wd/hub/session/33f66448-a7fd-49c1-aa6c-12ba9b42aa0f/appium/device/system_bars[39m
[38;5;0m[HTTP][0m [90m{}[39m
[38;5;48m[AndroidUiautomator2Driver@061f (33f66448)][0m No windows have been found whose title matches to 'NavigationBar'. Assuming it is invisible. Only the following windows are available: RoundCornerBottom,RoundCornerTop,MiuiShellDropTarget,GestureStubRight,GestureStubLeft,GestureStub,MiuiShellDragTips,NotificationModalWindowManager,NotificationShade,StatusBar,ShellDropTarget,InputMethod
[38;5;0m[HTTP][0m [37m<-- GET /wd/hub/session/33f66448-a7fd-49c1-aa6c-12ba9b42aa0f/appium/device/system_bars [39m[32m200[39m [90m133 ms - 144[39m
[38;5;0m[HTTP][0m [90m[39m
[38;5;0m[HTTP][0m [37m-->[39m [37mPOST[39m [37m/wd/hub/session/33f66448-a7fd-49c1-aa6c-12ba9b42aa0f/appium/device/activate_app[39m
[38;5;0m[HTTP][0m [90m{"bundleId":"com.mstqa"}[39m
[38;5;0m[HTTP][0m [37m<-- POST /wd/hub/session/33f66448-a7fd-49c1-aa6c-12ba9b42aa0f/appium/device/activate_app [39m[32m200[39m [90m154 ms - 14[39m
[38;5;0m[HTTP][0m [90m[39m
[38;5;0m[HTTP][0m [37m-->[39m [37mGET[39m [37m/wd/hub/session/33f66448-a7fd-49c1-aa6c-12ba9b42aa0f/source[39m
[38;5;0m[HTTP][0m [90m{}[39m
[38;5;48m[AndroidUiautomator2Driver@061f (33f66448)][0m Driver proxy active, passing request on via HTTP proxy
[38;5;48m[AndroidUiautomator2Driver@061f (33f66448)][0m Replacing sessionId 3d197d1e-abb6-4940-bf8e-7b48ee5b8909 with 33f66448-a7fd-49c1-aa6c-12ba9b42aa0f
[38;5;0m[HTTP][0m [37m<-- GET /wd/hub/session/33f66448-a7fd-49c1-aa6c-12ba9b42aa0f/source [39m[32m200[39m [90m407 ms - 13629[39m
[38;5;0m[HTTP][0m [90m[39m
[38;5;0m[HTTP][0m [37m-->[39m [37mGET[39m [37m/wd/hub/session/33f66448-a7fd-49c1-aa6c-12ba9b42aa0f/screenshot[39m
[38;5;0m[HTTP][0m [90m{}[39m
[38;5;0m[HTTP][0m [37m<-- GET /wd/hub/session/33f66448-a7fd-49c1-aa6c-12ba9b42aa0f/screenshot [39m[32m200[39m [90m928 ms - 688152[39m
[38;5;0m[HTTP][0m [90m[39m
[38;5;0m[HTTP][0m [37m-->[39m [37mGET[39m [37m/wd/hub/session/33f66448-a7fd-49c1-aa6c-12ba9b42aa0f/source[39m
[38;5;0m[HTTP][0m [90m{}[39m
[38;5;48m[AndroidUiautomator2Driver@061f (33f66448)][0m Driver proxy active, passing request on via HTTP proxy
[38;5;48m[AndroidUiautomator2Driver@061f (33f66448)][0m Replacing sessionId 3d197d1e-abb6-4940-bf8e-7b48ee5b8909 with 33f66448-a7fd-49c1-aa6c-12ba9b42aa0f
[38;5;0m[HTTP][0m [37m<-- GET /wd/hub/session/33f66448-a7fd-49c1-aa6c-12ba9b42aa0f/source [39m[32m200[39m [90m134 ms - 13629[39m
[38;5;0m[HTTP][0m [90m[39m
[38;5;0m[HTTP][0m [37m-->[39m [37mGET[39m [37m/wd/hub/session/33f66448-a7fd-49c1-aa6c-12ba9b42aa0f/screenshot[39m
[38;5;0m[HTTP][0m [90m{}[39m
[38;5;0m[HTTP][0m [37m<-- GET /wd/hub/session/33f66448-a7fd-49c1-aa6c-12ba9b42aa0f/screenshot [39m[32m200[39m [90m726 ms - 688132[39m
[38;5;0m[HTTP][0m [90m[39m
[38;5;0m[HTTP][0m [37m-->[39m [37mGET[39m [37m/wd/hub/session/33f66448-a7fd-49c1-aa6c-12ba9b42aa0f/source[39m
[38;5;0m[HTTP][0m [90m{}[39m
[38;5;48m[AndroidUiautomator2Driver@061f (33f66448)][0m Driver proxy active, passing request on via HTTP proxy
[38;5;48m[AndroidUiautomator2Driver@061f (33f66448)][0m Replacing sessionId 3d197d1e-abb6-4940-bf8e-7b48ee5b8909 with 33f66448-a7fd-49c1-aa6c-12ba9b42aa0f
[38;5;0m[HTTP][0m [37m<-- GET /wd/hub/session/33f66448-a7fd-49c1-aa6c-12ba9b42aa0f/source [39m[32m200[39m [90m149 ms - 13629[39m
[38;5;0m[HTTP][0m [90m[39m
[38;5;0m[HTTP][0m [37m-->[39m [37mGET[39m [37m/wd/hub/session/33f66448-a7fd-49c1-aa6c-12ba9b42aa0f/screenshot[39m
[38;5;0m[HTTP][0m [90m{}[39m
[38;5;0m[HTTP][0m [37m<-- GET /wd/hub/session/33f66448-a7fd-49c1-aa6c-12ba9b42aa0f/screenshot [39m[32m200[39m [90m716 ms - 688132[39m
[38;5;0m[HTTP][0m [90m[39m
[38;5;0m[HTTP][0m [37m-->[39m [37mPOST[39m [37m/wd/hub/session/33f66448-a7fd-49c1-aa6c-12ba9b42aa0f/timeouts[39m
[38;5;0m[HTTP][0m [90m{"implicit":1000}[39m
[38;5;0m[HTTP][0m [37m<-- POST /wd/hub/session/33f66448-a7fd-49c1-aa6c-12ba9b42aa0f/timeouts [39m[32m200[39m [90m2 ms - 14[39m
[38;5;0m[HTTP][0m [90m[39m
[38;5;0m[HTTP][0m [37m-->[39m [37mPOST[39m [37m/wd/hub/session/33f66448-a7fd-49c1-aa6c-12ba9b42aa0f/elements[39m
[38;5;0m[HTTP][0m [90m{"using":"xpath","value":"//hierarchy/android.widget.FrameLayout[1]/android.widget.LinearLayout[1]/android.widget.FrameLayout[1]/android.widget.LinearLayout[1]/android.widget.FrameLayout[1]/android.widget.FrameLayout[1]/android.view.ViewGroup[1]/android.view.ViewGroup[1]/android.view.ViewGroup[1]/android.view.ViewGroup[1]/android.widget.FrameLayout[1]/android.view.ViewGroup[1]/android.view.ViewGroup[1]/android.view.ViewGroup[1]/android.view.ViewGroup[1]/android.view.ViewGroup[1]/android.widget.ScrollView[1]/android.view.ViewGroup[1]/android.widget.TextView[2]"}[39m
[38;5;0m[HTTP][0m [37m<-- POST /wd/hub/session/33f66448-a7fd-49c1-aa6c-12ba9b42aa0f/elements [39m[32m200[39m [90m1182 ms - 139[39m
[38;5;0m[HTTP][0m [90m[39m
[38;5;0m[HTTP][0m [37m-->[39m [37mGET[39m [37m/wd/hub/session/33f66448-a7fd-49c1-aa6c-12ba9b42aa0f/element/00000000-0000-0907-ffff-ffff000002d3/location[39m
[38;5;0m[HTTP][0m [90m{}[39m
[38;5;48m[AndroidUiautomator2Driver@061f (33f66448)][0m Driver proxy active, passing request on via HTTP proxy
[38;5;48m[AndroidUiautomator2Driver@061f (33f66448)][0m Replacing sessionId 3d197d1e-abb6-4940-bf8e-7b48ee5b8909 with 33f66448-a7fd-49c1-aa6c-12ba9b42aa0f
[38;5;0m[HTTP][0m [37m<-- GET /wd/hub/session/33f66448-a7fd-49c1-aa6c-12ba9b42aa0f/element/00000000-0000-0907-ffff-ffff000002d3/location [39m[32m200[39m [90m23 ms - 77[39m
[38;5;0m[HTTP][0m [90m[39m
[38;5;0m[HTTP][0m [37m-->[39m [37mGET[39m [37m/wd/hub/session/33f66448-a7fd-49c1-aa6c-12ba9b42aa0f/element/00000000-0000-0907-ffff-ffff000002d3/size[39m
[38;5;0m[HTTP][0m [90m{}[39m
[38;5;48m[AndroidUiautomator2Driver@061f (33f66448)][0m Driver proxy active, passing request on via HTTP proxy
[38;5;48m[AndroidUiautomator2Driver@061f (33f66448)][0m Replacing sessionId 3d197d1e-abb6-4940-bf8e-7b48ee5b8909 with 33f66448-a7fd-49c1-aa6c-12ba9b42aa0f
[38;5;0m[HTTP][0m [37m<-- GET /wd/hub/session/33f66448-a7fd-49c1-aa6c-12ba9b42aa0f/element/00000000-0000-0907-ffff-ffff000002d3/size [39m[32m200[39m [90m22 ms - 86[39m
[38;5;0m[HTTP][0m [90m[39m
[38;5;0m[HTTP][0m [37m-->[39m [37mPOST[39m [37m/wd/hub/session/33f66448-a7fd-49c1-aa6c-12ba9b42aa0f/timeouts[39m
[38;5;0m[HTTP][0m [90m{"implicit":1000}[39m
[38;5;0m[HTTP][0m [37m<-- POST /wd/hub/session/33f66448-a7fd-49c1-aa6c-12ba9b42aa0f/timeouts [39m[32m200[39m [90m2 ms - 14[39m
[38;5;0m[HTTP][0m [90m[39m
[38;5;0m[HTTP][0m [37m-->[39m [37mPOST[39m [37m/wd/hub/session/33f66448-a7fd-49c1-aa6c-12ba9b42aa0f/elements[39m
[38;5;0m[HTTP][0m [90m{"using":"xpath","value":"//hierarchy/android.widget.FrameLayout[1]/android.widget.LinearLayout[1]/android.widget.FrameLayout[1]/android.widget.LinearLayout[1]/android.widget.FrameLayout[1]/android.widget.FrameLayout[1]/android.view.ViewGroup[1]/android.view.ViewGroup[1]/android.view.ViewGroup[1]/android.view.ViewGroup[1]/android.widget.FrameLayout[1]/android.view.ViewGroup[1]/android.view.ViewGroup[1]/android.view.ViewGroup[1]/android.view.ViewGroup[1]/android.view.ViewGroup[1]/android.widget.ScrollView[1]/android.view.ViewGroup[1]/android.widget.TextView[1]"}[39m
[38;5;0m[HTTP][0m [37m<-- POST /wd/hub/session/33f66448-a7fd-49c1-aa6c-12ba9b42aa0f/elements [39m[32m200[39m [90m167 ms - 139[39m
[38;5;0m[HTTP][0m [90m[39m
[38;5;0m[HTTP][0m [37m-->[39m [37mGET[39m [37m/wd/hub/session/33f66448-a7fd-49c1-aa6c-12ba9b42aa0f/element/00000000-0000-0907-ffff-ffff000002d2/location[39m
[38;5;0m[HTTP][0m [90m{}[39m
[38;5;48m[AndroidUiautomator2Driver@061f (33f66448)][0m Driver proxy active, passing request on via HTTP proxy
[38;5;48m[AndroidUiautomator2Driver@061f (33f66448)][0m Replacing sessionId 3d197d1e-abb6-4940-bf8e-7b48ee5b8909 with 33f66448-a7fd-49c1-aa6c-12ba9b42aa0f
[38;5;0m[HTTP][0m [37m<-- GET /wd/hub/session/33f66448-a7fd-49c1-aa6c-12ba9b42aa0f/element/00000000-0000-0907-ffff-ffff000002d2/location [39m[32m200[39m [90m19 ms - 77[39m
[38;5;0m[HTTP][0m [90m[39m
[38;5;0m[HTTP][0m [37m-->[39m [37mGET[39m [37m/wd/hub/session/33f66448-a7fd-49c1-aa6c-12ba9b42aa0f/element/00000000-0000-0907-ffff-ffff000002d2/size[39m
[38;5;0m[HTTP][0m [90m{}[39m
[38;5;48m[AndroidUiautomator2Driver@061f (33f66448)][0m Driver proxy active, passing request on via HTTP proxy
[38;5;48m[AndroidUiautomator2Driver@061f (33f66448)][0m Replacing sessionId 3d197d1e-abb6-4940-bf8e-7b48ee5b8909 with 33f66448-a7fd-49c1-aa6c-12ba9b42aa0f
[38;5;0m[HTTP][0m [37m<-- GET /wd/hub/session/33f66448-a7fd-49c1-aa6c-12ba9b42aa0f/element/00000000-0000-0907-ffff-ffff000002d2/size [39m[32m200[39m [90m22 ms - 86[39m
[38;5;0m[HTTP][0m [90m[39m
[38;5;0m[HTTP][0m [37m-->[39m [37mPOST[39m [37m/wd/hub/session/33f66448-a7fd-49c1-aa6c-12ba9b42aa0f/timeouts[39m
[38;5;0m[HTTP][0m [90m{"implicit":1000}[39m
[38;5;0m[HTTP][0m [37m<-- POST /wd/hub/session/33f66448-a7fd-49c1-aa6c-12ba9b42aa0f/timeouts [39m[32m200[39m [90m1 ms - 14[39m
[38;5;0m[HTTP][0m [90m[39m
[38;5;0m[HTTP][0m [37m-->[39m [37mPOST[39m [37m/wd/hub/session/33f66448-a7fd-49c1-aa6c-12ba9b42aa0f/elements[39m
[38;5;0m[HTTP][0m [90m{"using":"xpath","value":"//hierarchy/android.widget.FrameLayout[1]/android.widget.LinearLayout[1]/android.widget.FrameLayout[1]/android.widget.LinearLayout[1]/android.widget.FrameLayout[1]/android.widget.FrameLayout[1]/android.view.ViewGroup[1]/android.view.ViewGroup[1]/android.view.ViewGroup[1]/android.view.ViewGroup[1]/android.widget.FrameLayout[1]/android.view.ViewGroup[1]/android.view.ViewGroup[1]/android.view.ViewGroup[1]/android.view.ViewGroup[1]/android.view.ViewGroup[1]/android.widget.ScrollView[1]/android.view.ViewGroup[1]/android.widget.TextView[3]"}[39m
[38;5;0m[HTTP][0m [37m<-- POST /wd/hub/session/33f66448-a7fd-49c1-aa6c-12ba9b42aa0f/elements [39m[32m200[39m [90m169 ms - 139[39m
[38;5;0m[HTTP][0m [90m[39m
[38;5;0m[HTTP][0m [37m-->[39m [37mGET[39m [37m/wd/hub/session/33f66448-a7fd-49c1-aa6c-12ba9b42aa0f/element/00000000-0000-0907-ffff-ffff000002d4/location[39m
[38;5;0m[HTTP][0m [90m{}[39m
[38;5;48m[AndroidUiautomator2Driver@061f (33f66448)][0m Driver proxy active, passing request on via HTTP proxy
[38;5;48m[AndroidUiautomator2Driver@061f (33f66448)][0m Replacing sessionId 3d197d1e-abb6-4940-bf8e-7b48ee5b8909 with 33f66448-a7fd-49c1-aa6c-12ba9b42aa0f
[38;5;0m[HTTP][0m [37m<-- GET /wd/hub/session/33f66448-a7fd-49c1-aa6c-12ba9b42aa0f/element/00000000-0000-0907-ffff-ffff000002d4/location [39m[32m200[39m [90m21 ms - 77[39m
[38;5;0m[HTTP][0m [90m[39m
[38;5;0m[HTTP][0m [37m-->[39m [37mGET[39m [37m/wd/hub/session/33f66448-a7fd-49c1-aa6c-12ba9b42aa0f/element/00000000-0000-0907-ffff-ffff000002d4/size[39m
[38;5;0m[HTTP][0m [90m{}[39m
[38;5;48m[AndroidUiautomator2Driver@061f (33f66448)][0m Driver proxy active, passing request on via HTTP proxy
[38;5;48m[AndroidUiautomator2Driver@061f (33f66448)][0m Replacing sessionId 3d197d1e-abb6-4940-bf8e-7b48ee5b8909 with 33f66448-a7fd-49c1-aa6c-12ba9b42aa0f
[38;5;0m[HTTP][0m [37m<-- GET /wd/hub/session/33f66448-a7fd-49c1-aa6c-12ba9b42aa0f/element/00000000-0000-0907-ffff-ffff000002d4/size [39m[32m200[39m [90m22 ms - 86[39m
[38;5;0m[HTTP][0m [90m[39m
[38;5;0m[HTTP][0m [37m-->[39m [37mPOST[39m [37m/wd/hub/session/33f66448-a7fd-49c1-aa6c-12ba9b42aa0f/timeouts[39m
[38;5;0m[HTTP][0m [90m{"implicit":1000}[39m
[38;5;0m[HTTP][0m [37m<-- POST /wd/hub/session/33f66448-a7fd-49c1-aa6c-12ba9b42aa0f/timeouts [39m[32m200[39m [90m1 ms - 14[39m
[38;5;0m[HTTP][0m [90m[39m
[38;5;0m[HTTP][0m [37m-->[39m [37mPOST[39m [37m/wd/hub/session/33f66448-a7fd-49c1-aa6c-12ba9b42aa0f/elements[39m
[38;5;0m[HTTP][0m [90m{"using":"xpath","value":"//hierarchy/android.widget.FrameLayout[1]/android.widget.LinearLayout[1]/android.widget.FrameLayout[1]/android.widget.LinearLayout[1]/android.widget.FrameLayout[1]/android.widget.FrameLayout[1]/android.view.ViewGroup[1]/android.view.ViewGroup[1]/android.view.ViewGroup[1]/android.view.ViewGroup[1]/android.widget.FrameLayout[1]/android.view.ViewGroup[1]/android.view.ViewGroup[1]/android.view.ViewGroup[1]/android.view.ViewGroup[1]/android.view.ViewGroup[1]/android.widget.ScrollView[1]/android.view.ViewGroup[1]/android.widget.TextView[2]"}[39m
[38;5;0m[HTTP][0m [37m<-- POST /wd/hub/session/33f66448-a7fd-49c1-aa6c-12ba9b42aa0f/elements [39m[32m200[39m [90m167 ms - 139[39m
[38;5;0m[HTTP][0m [90m[39m
[38;5;0m[HTTP][0m [37m-->[39m [37mGET[39m [37m/wd/hub/session/33f66448-a7fd-49c1-aa6c-12ba9b42aa0f/element/00000000-0000-0907-ffff-ffff000002d3/location[39m
[38;5;0m[HTTP][0m [90m{}[39m
[38;5;48m[AndroidUiautomator2Driver@061f (33f66448)][0m Driver proxy active, passing request on via HTTP proxy
[38;5;48m[AndroidUiautomator2Driver@061f (33f66448)][0m Replacing sessionId 3d197d1e-abb6-4940-bf8e-7b48ee5b8909 with 33f66448-a7fd-49c1-aa6c-12ba9b42aa0f
[38;5;0m[HTTP][0m [37m<-- GET /wd/hub/session/33f66448-a7fd-49c1-aa6c-12ba9b42aa0f/element/00000000-0000-0907-ffff-ffff000002d3/location [39m[32m200[39m [90m19 ms - 77[39m
[38;5;0m[HTTP][0m [90m[39m
[38;5;0m[HTTP][0m [37m-->[39m [37mGET[39m [37m/wd/hub/session/33f66448-a7fd-49c1-aa6c-12ba9b42aa0f/element/00000000-0000-0907-ffff-ffff000002d3/size[39m
[38;5;0m[HTTP][0m [90m{}[39m
[38;5;48m[AndroidUiautomator2Driver@061f (33f66448)][0m Driver proxy active, passing request on via HTTP proxy
[38;5;48m[AndroidUiautomator2Driver@061f (33f66448)][0m Replacing sessionId 3d197d1e-abb6-4940-bf8e-7b48ee5b8909 with 33f66448-a7fd-49c1-aa6c-12ba9b42aa0f
[38;5;0m[HTTP][0m [37m<-- GET /wd/hub/session/33f66448-a7fd-49c1-aa6c-12ba9b42aa0f/element/00000000-0000-0907-ffff-ffff000002d3/size [39m[32m200[39m [90m21 ms - 86[39m
[38;5;0m[HTTP][0m [90m[39m
[38;5;48m[AndroidUiautomator2Driver@061f (33f66448)][0m Shutting down because we waited 1800 seconds for a command
[38;5;16m[AppiumDriver@4679][0m Ending session, cause was 'New Command Timeout of 1800 seconds expired. Try customizing the timeout using the 'newCommandTimeout' desired capability'
[38;5;16m[AppiumDriver@4679][0m Removing session '33f66448-a7fd-49c1-aa6c-12ba9b42aa0f' from our master session list
[38;5;48m[AndroidUiautomator2Driver@061f (33f66448)][0m Did not get confirmation UiAutomator2 deleteSession worked; Error was: UnknownError: An unknown server-side error occurred while processing the command. Original error: 'DELETE /' cannot be proxied to UiAutomator2 server because the instrumentation process is not running (probably crashed). Check the server log and/or the logcat output for more details
[38;5;48m[AndroidUiautomator2Driver@061f (33f66448)][0m Restoring hidden api policy to the device default configuration
[38;5;0m[HTTP][0m [37m-->[39m [37mDELETE[39m [37m/wd/hub/session/33f66448-a7fd-49c1-aa6c-12ba9b42aa0f[39m
[38;5;0m[HTTP][0m [90m{}[39m
[38;5;0m[HTTP][0m [37m<-- DELETE /wd/hub/session/33f66448-a7fd-49c1-aa6c-12ba9b42aa0f [39m[33m404[39m [90m29 ms - 3089[39m
[38;5;0m[HTTP][0m [90m[39m
